[ 2017-11-20T08:55:36+08:00 ] 0.0.0.0 /tjtlab/index.php/StudentDataManage/searchInfo.html
ERR: 非法操作:searchInfo

[ 2017-11-20T08:56:51+08:00 ] 0.0.0.0 /tjtlab/index.php/StudentDataManage/outputInfo.html
ERR: 非法操作:outputInfo

[ 2017-11-20T10:40:36+08:00 ] 0.0.0.0 /tjtlab/index.php/StudentDataManage/expUser
ERR: 非法操作:expUser

[ 2017-11-20T11:13:20+08:00 ] 0.0.0.0 /tjtlab/index.php/StudentDataManage/skin-config.html
INFO: [ app_begin ] --START--
INFO: ReadHtmlCache Behavior ::run [ RunTime:0.000337s ]
INFO: [ app_begin ] --END-- [ RunTime:0.000382s ]
ERR: 非法操作:skin-config

[ 2017-11-20T11:14:17+08:00 ] 0.0.0.0 /tjtlab/index.php/StudentDataManage/skin-config.html
INFO: [ app_begin ] --START--
INFO: ReadHtmlCache Behavior ::run [ RunTime:0.000430s ]
INFO: [ app_begin ] --END-- [ RunTime:0.000488s ]
ERR: 非法操作:skin-config

[ 2017-11-20T11:14:21+08:00 ] 0.0.0.0 /tjtlab/index.php/StudentDataManage/skin-config.html
INFO: [ app_begin ] --START--
INFO: ReadHtmlCache Behavior ::run [ RunTime:0.000671s ]
INFO: [ app_begin ] --END-- [ RunTime:0.000821s ]
ERR: 非法操作:skin-config

[ 2017-11-20T11:14:24+08:00 ] 0.0.0.0 /tjtlab/index.php/StudentDataManage/skin-config.html
INFO: [ app_begin ] --START--
INFO: ReadHtmlCache Behavior ::run [ RunTime:0.000920s ]
INFO: [ app_begin ] --END-- [ RunTime:0.001042s ]
ERR: 非法操作:skin-config

[ 2017-11-20T11:14:27+08:00 ] 0.0.0.0 /tjtlab/index.php/StudentDataManage/skin-config.html
INFO: [ app_begin ] --START--
INFO: ReadHtmlCache Behavior ::run [ RunTime:0.000463s ]
INFO: [ app_begin ] --END-- [ RunTime:0.000519s ]
ERR: 非法操作:skin-config

[ 2017-11-20T11:14:29+08:00 ] 0.0.0.0 /tjtlab/index.php/StudentDataManage/skin-config.html
INFO: [ app_begin ] --START--
INFO: ReadHtmlCache Behavior ::run [ RunTime:0.000369s ]
INFO: [ app_begin ] --END-- [ RunTime:0.000418s ]
ERR: 非法操作:skin-config

[ 2017-11-20T11:15:02+08:00 ] 0.0.0.0 /tjtlab/index.php/StudentDataManage/skin-config.html
INFO: [ app_begin ] --START--
INFO: ReadHtmlCache Behavior ::run [ RunTime:0.000661s ]
INFO: [ app_begin ] --END-- [ RunTime:0.000764s ]
ERR: 非法操作:skin-config

[ 2017-11-20T11:15:05+08:00 ] 0.0.0.0 /tjtlab/index.php/StudentDataManage/skin-config.html
INFO: [ app_begin ] --START--
INFO: ReadHtmlCache Behavior ::run [ RunTime:0.000522s ]
INFO: [ app_begin ] --END-- [ RunTime:0.000586s ]
ERR: 非法操作:skin-config

[ 2017-11-20T11:24:41+08:00 ] 0.0.0.0 /tjtlab/index.php/StudentDataManage/skin-config.html
INFO: [ app_begin ] --START--
INFO: ReadHtmlCache Behavior ::run [ RunTime:0.000861s ]
INFO: [ app_begin ] --END-- [ RunTime:0.000951s ]
ERR: 非法操作:skin-config

[ 2017-11-20T11:25:00+08:00 ] 0.0.0.0 /tjtlab/index.php/StudentDataManage/skin-config.html
INFO: [ app_begin ] --START--
INFO: ReadHtmlCache Behavior ::run [ RunTime:0.000533s ]
INFO: [ app_begin ] --END-- [ RunTime:0.000601s ]
ERR: 非法操作:skin-config

[ 2017-11-20T11:48:30+08:00 ] 0.0.0.0 /tjtlab/index.php/StudentDataManage/skin-config.html
INFO: [ app_begin ] --START--
INFO: ReadHtmlCache Behavior ::run [ RunTime:0.000352s ]
INFO: [ app_begin ] --END-- [ RunTime:0.000398s ]
ERR: 非法操作:skin-config

[ 2017-11-20T11:48:33+08:00 ] 0.0.0.0 /tjtlab/index.php/StudentDataManage/skin-config.html
INFO: [ app_begin ] --START--
INFO: ReadHtmlCache Behavior ::run [ RunTime:0.000580s ]
INFO: [ app_begin ] --END-- [ RunTime:0.000657s ]
ERR: 非法操作:skin-config

[ 2017-11-20T11:48:36+08:00 ] 0.0.0.0 /tjtlab/index.php/StudentDataManage/skin-config.html
INFO: [ app_begin ] --START--
INFO: ReadHtmlCache Behavior ::run [ RunTime:0.001352s ]
INFO: [ app_begin ] --END-- [ RunTime:0.001443s ]
ERR: 非法操作:skin-config

[ 2017-11-20T11:50:13+08:00 ] 0.0.0.0 /tjtlab/index.php/StudentDataManage/skin-config.html
INFO: [ app_begin ] --START--
INFO: ReadHtmlCache Behavior ::run [ RunTime:0.000577s ]
INFO: [ app_begin ] --END-- [ RunTime:0.000645s ]
ERR: 非法操作:skin-config

[ 2017-11-20T11:50:16+08:00 ] 0.0.0.0 /tjtlab/index.php/StudentDataManage/skin-config.html
INFO: [ app_begin ] --START--
INFO: ReadHtmlCache Behavior ::run [ RunTime:0.000559s ]
INFO: [ app_begin ] --END-- [ RunTime:0.000632s ]
ERR: 非法操作:skin-config

[ 2017-11-20T17:27:18+08:00 ] 0.0.0.0 /tjtlab/index.php/StudentDataManage/skin-config.html
INFO: [ app_begin ] --START--
INFO: ReadHtmlCache Behavior ::run [ RunTime:0.000362s ]
INFO: [ app_begin ] --END-- [ RunTime:0.000409s ]
ERR: 非法操作:skin-config

[ 2017-11-20T17:28:31+08:00 ] 0.0.0.0 /tjtlab/index.php/StudentDataManage/skin-config.html
INFO: [ app_begin ] --START--
INFO: ReadHtmlCache Behavior ::run [ RunTime:0.000359s ]
INFO: [ app_begin ] --END-- [ RunTime:0.000408s ]
ERR: 非法操作:skin-config

[ 2017-11-20T17:28:34+08:00 ] 0.0.0.0 /tjtlab/index.php/StudentDataManage/skin-config.html
INFO: [ app_begin ] --START--
INFO: ReadHtmlCache Behavior ::run [ RunTime:0.000410s ]
INFO: [ app_begin ] --END-- [ RunTime:0.000460s ]
ERR: 非法操作:skin-config

[ 2017-11-20T17:29:15+08:00 ] 0.0.0.0 /tjtlab/index.php/StudentDataManage/skin-config.html
INFO: [ app_begin ] --START--
INFO: ReadHtmlCache Behavior ::run [ RunTime:0.000356s ]
INFO: [ app_begin ] --END-- [ RunTime:0.000402s ]
ERR: 非法操作:skin-config

[ 2017-11-20T17:29:17+08:00 ] 0.0.0.0 /tjtlab/index.php/StudentDataManage/skin-config.html
INFO: [ app_begin ] --START--
INFO: ReadHtmlCache Behavior ::run [ RunTime:0.000356s ]
INFO: [ app_begin ] --END-- [ RunTime:0.000403s ]
ERR: 非法操作:skin-config

[ 2017-11-20T19:59:26+08:00 ] 0.0.0.0 /tjtlab/index.php/StudentDataManage/skin-config.html
INFO: [ app_begin ] --START--
INFO: ReadHtmlCache Behavior ::run [ RunTime:0.000350s ]
INFO: [ app_begin ] --END-- [ RunTime:0.000396s ]
ERR: 非法操作:skin-config

[ 2017-11-20T20:32:28+08:00 ] 0.0.0.0 /tjtlab/index.php/StudentDataManage/skin-config.html
INFO: [ app_begin ] --START--
INFO: ReadHtmlCache Behavior ::run [ RunTime:0.000697s ]
INFO: [ app_begin ] --END-- [ RunTime:0.000769s ]
ERR: 非法操作:skin-config

[ 2017-11-20T20:33:07+08:00 ] 0.0.0.0 /tjtlab/index.php/StudentDataManage/skin-config.html
INFO: [ app_begin ] --START--
INFO: ReadHtmlCache Behavior ::run [ RunTime:0.000324s ]
INFO: [ app_begin ] --END-- [ RunTime:0.000366s ]
ERR: 非法操作:skin-config

[ 2017-11-20T20:33:11+08:00 ] 0.0.0.0 /tjtlab/index.php/StudentDataManage/skin-config.html
INFO: [ app_begin ] --START--
INFO: ReadHtmlCache Behavior ::run [ RunTime:0.000677s ]
INFO: [ app_begin ] --END-- [ RunTime:0.000800s ]
ERR: 非法操作:skin-config

[ 2017-11-20T20:34:34+08:00 ] 0.0.0.0 /tjtlab/index.php/StudentDataManage/skin-config.html
INFO: [ app_begin ] --START--
INFO: ReadHtmlCache Behavior ::run [ RunTime:0.000402s ]
INFO: [ app_begin ] --END-- [ RunTime:0.000464s ]
ERR: 非法操作:skin-config

[ 2017-11-20T20:39:54+08:00 ] 0.0.0.0 /tjtlab/index.php/StudentDataManage/input.html
ERR: 非法操作:input

[ 2017-11-20T20:39:56+08:00 ] 0.0.0.0 /tjtlab/index.php/StudentDataManage/skin-config.html
INFO: [ app_begin ] --START--
INFO: ReadHtmlCache Behavior ::run [ RunTime:0.000339s ]
INFO: [ app_begin ] --END-- [ RunTime:0.000382s ]
ERR: 非法操作:skin-config

[ 2017-11-20T20:40:28+08:00 ] 0.0.0.0 /tjtlab/index.php/StudentDataManage/skin-config.html
INFO: [ app_begin ] --START--
INFO: ReadHtmlCache Behavior ::run [ RunTime:0.000336s ]
INFO: [ app_begin ] --END-- [ RunTime:0.000380s ]
ERR: 非法操作:skin-config

[ 2017-11-20T20:40:32+08:00 ] 0.0.0.0 /tjtlab/index.php/StudentDataManage/skin-config.html
INFO: [ app_begin ] --START--
INFO: ReadHtmlCache Behavior ::run [ RunTime:0.000353s ]
INFO: [ app_begin ] --END-- [ RunTime:0.000398s ]
ERR: 非法操作:skin-config

[ 2017-11-20T20:40:39+08:00 ] 0.0.0.0 /tjtlab/index.php/StudentDataManage/skin-config.html
INFO: [ app_begin ] --START--
INFO: ReadHtmlCache Behavior ::run [ RunTime:0.000424s ]
INFO: [ app_begin ] --END-- [ RunTime:0.000488s ]
ERR: 非法操作:skin-config

[ 2017-11-20T21:07:22+08:00 ] 0.0.0.0 /tjtlab/index.php/StudentDataManage/skin-config.html
INFO: [ app_begin ] --START--
INFO: ReadHtmlCache Behavior ::run [ RunTime:0.000492s ]
INFO: [ app_begin ] --END-- [ RunTime:0.000560s ]
ERR: 非法操作:skin-config

